<?xml version="1.0" encoding="UTF-8"?>
<testsuite name="PlayerTest" tests="2" skipped="0" failures="0" errors="0" timestamp="2021-08-01T10:58:26" hostname="AZOZ" time="0.036">
  <properties/>
  <testcase name="checkNameAndColorAndActivity()" classname="PlayerTest" time="0.029"/>
  <testcase name="checkStatusOfPlayer()" classname="PlayerTest" time="0.004"/>
  <system-out><![CDATA[]]></system-out>
  <system-err><![CDATA[]]></system-err>
</testsuite>
