<?xml version="1.0" encoding="UTF-8"?>
<testsuite name="PlayerTest" tests="2" skipped="0" failures="0" errors="0" timestamp="2021-08-01T09:23:00" hostname="AZOZ" time="0.02">
  <properties/>
  <testcase name="checkNameAndColorAndActivity()" classname="PlayerTest" time="0.016"/>
  <testcase name="checkStatusOfPlayer()" classname="PlayerTest" time="0.002"/>
  <system-out><![CDATA[]]></system-out>
  <system-err><![CDATA[]]></system-err>
</testsuite>
